<?xml version="1.0" encoding="UTF-8"?>
<!-- Generated by org.testng.reporters.JUnitReportReporter -->
<testsuite hostname="CIPL1593QA" failures="0" tests="4" name="api.test.UserTest" time="8.232" errors="0" timestamp="2024-09-16T14:18:33 IST" skipped="0">
  <testcase classname="api.test.UserTest" name="testPostuser" time="4.027"/>
  <testcase classname="api.test.UserTest" name="testgetusername" time="1.055"/>
  <testcase classname="api.test.UserTest" name="testPutuser" time="2.083"/>
  <testcase classname="api.test.UserTest" name="testdeleteusername" time="1.067"/>
</testsuite> <!-- api.test.UserTest -->
